2012/12/07 01:15:15 [error] [php] file_put_contents(/Applications/XAMPP/xamppfiles/htdocs/workshopgit/protected/runtime/gii-1.1.12/ControllerCode.php) [<a href='function.file-put-contents'>function.file-put-contents</a>]: failed to open stream: Permission denied (/Applications/XAMPP/xamppfiles/htdocs/yii-1.1.12.b600af/framework/gii/CCodeModel.php:387)
Stack trace:
#0 /Applications/XAMPP/xamppfiles/htdocs/yii-1.1.12.b600af/framework/gii/CCodeGenerator.php(64): ControllerGenerator->prepare()
#1 /Applications/XAMPP/xamppfiles/htdocs/yii-1.1.12.b600af/framework/web/actions/CInlineAction.php(50): ControllerGenerator->actionIndex()
#2 /Applications/XAMPP/xamppfiles/htdocs/yii-1.1.12.b600af/framework/web/CController.php(309): CInlineAction->runWithParams()
#3 /Applications/XAMPP/xamppfiles/htdocs/yii-1.1.12.b600af/framework/web/CController.php(287): ControllerGenerator->runAction()
#4 /Applications/XAMPP/xamppfiles/htdocs/yii-1.1.12.b600af/framework/web/CController.php(266): ControllerGenerator->runActionWithFilters()
#5 /Applications/XAMPP/xamppfiles/htdocs/yii-1.1.12.b600af/framework/web/CWebApplication.php(283): ControllerGenerator->run()
#6 /Applications/XAMPP/xamppfiles/htdocs/yii-1.1.12.b600af/framework/web/CWebApplication.php(142): CWebApplication->runController()
#7 /Applications/XAMPP/xamppfiles/htdocs/yii-1.1.12.b600af/framework/base/CApplication.php(162): CWebApplication->processRequest()
#8 /Applications/XAMPP/xamppfiles/htdocs/workshopgit/index.php(14): CWebApplication->run()
REQUEST_URI=/workshopgit/index.php?r=gii/controller
in /Applications/XAMPP/xamppfiles/htdocs/workshopgit/index.php (14)
2012/12/07 01:15:19 [error] [php] file_put_contents(/Applications/XAMPP/xamppfiles/htdocs/workshopgit/protected/runtime/gii-1.1.12/ControllerCode.php) [<a href='function.file-put-contents'>function.file-put-contents</a>]: failed to open stream: Permission denied (/Applications/XAMPP/xamppfiles/htdocs/yii-1.1.12.b600af/framework/gii/CCodeModel.php:387)
Stack trace:
#0 /Applications/XAMPP/xamppfiles/htdocs/yii-1.1.12.b600af/framework/gii/CCodeGenerator.php(64): ControllerGenerator->prepare()
#1 /Applications/XAMPP/xamppfiles/htdocs/yii-1.1.12.b600af/framework/web/actions/CInlineAction.php(50): ControllerGenerator->actionIndex()
#2 /Applications/XAMPP/xamppfiles/htdocs/yii-1.1.12.b600af/framework/web/CController.php(309): CInlineAction->runWithParams()
#3 /Applications/XAMPP/xamppfiles/htdocs/yii-1.1.12.b600af/framework/web/CController.php(287): ControllerGenerator->runAction()
#4 /Applications/XAMPP/xamppfiles/htdocs/yii-1.1.12.b600af/framework/web/CController.php(266): ControllerGenerator->runActionWithFilters()
#5 /Applications/XAMPP/xamppfiles/htdocs/yii-1.1.12.b600af/framework/web/CWebApplication.php(283): ControllerGenerator->run()
#6 /Applications/XAMPP/xamppfiles/htdocs/yii-1.1.12.b600af/framework/web/CWebApplication.php(142): CWebApplication->runController()
#7 /Applications/XAMPP/xamppfiles/htdocs/yii-1.1.12.b600af/framework/base/CApplication.php(162): CWebApplication->processRequest()
#8 /Applications/XAMPP/xamppfiles/htdocs/workshopgit/index.php(14): CWebApplication->run()
REQUEST_URI=/workshopgit/index.php?r=gii/controller
in /Applications/XAMPP/xamppfiles/htdocs/workshopgit/index.php (14)
2012/12/07 01:15:30 [error] [php] file_put_contents(/Applications/XAMPP/xamppfiles/htdocs/workshopgit/protected/runtime/gii-1.1.12/ControllerCode.php) [<a href='function.file-put-contents'>function.file-put-contents</a>]: failed to open stream: Permission denied (/Applications/XAMPP/xamppfiles/htdocs/yii-1.1.12.b600af/framework/gii/CCodeModel.php:387)
Stack trace:
#0 /Applications/XAMPP/xamppfiles/htdocs/yii-1.1.12.b600af/framework/gii/CCodeGenerator.php(64): ControllerGenerator->prepare()
#1 /Applications/XAMPP/xamppfiles/htdocs/yii-1.1.12.b600af/framework/web/actions/CInlineAction.php(50): ControllerGenerator->actionIndex()
#2 /Applications/XAMPP/xamppfiles/htdocs/yii-1.1.12.b600af/framework/web/CController.php(309): CInlineAction->runWithParams()
#3 /Applications/XAMPP/xamppfiles/htdocs/yii-1.1.12.b600af/framework/web/CController.php(287): ControllerGenerator->runAction()
#4 /Applications/XAMPP/xamppfiles/htdocs/yii-1.1.12.b600af/framework/web/CController.php(266): ControllerGenerator->runActionWithFilters()
#5 /Applications/XAMPP/xamppfiles/htdocs/yii-1.1.12.b600af/framework/web/CWebApplication.php(283): ControllerGenerator->run()
#6 /Applications/XAMPP/xamppfiles/htdocs/yii-1.1.12.b600af/framework/web/CWebApplication.php(142): CWebApplication->runController()
#7 /Applications/XAMPP/xamppfiles/htdocs/yii-1.1.12.b600af/framework/base/CApplication.php(162): CWebApplication->processRequest()
#8 /Applications/XAMPP/xamppfiles/htdocs/workshopgit/index.php(14): CWebApplication->run()
REQUEST_URI=/workshopgit/index.php?r=gii/controller
in /Applications/XAMPP/xamppfiles/htdocs/workshopgit/index.php (14)
